2026-04-28 00:00:20, EXEC, v:1, k:ed@multiset, mode:FULL, size:125, fail:COMP
2026-04-28 00:03:04, EXEC, v:1, k:ed@multiset, mode:FULL, rate:16, size:130
2026-04-28 00:03:01, MOVE, v:1, k:ed@multiset, mode:EDIT
2026-04-28 00:10:24, EXEC, v:1, k:ed@multiset, mode:FULL, rate:16, size:151
2026-04-28 00:11:18, EXEC, v:1, k:ed@multiset, mode:FULL, size:151, fail:COMP
2026-04-28 00:12:33, EXEC, v:1, k:ed@multiset, mode:FULL, size:155, fail:COMP
2026-04-28 00:14:01, EXEC, v:1, k:ed@multiset, mode:FULL, rate:50, size:155
2026-04-28 00:13:55, MOVE, v:1, k:ed@multiset, mode:EDIT
2026-04-28 00:15:55, EXEC, v:1, k:ed@multiset, mode:FULL, rate:33, size:155
2026-04-28 00:15:50, MOVE, v:1, k:ed@multiset, mode:EDIT
2026-04-28 00:31:55, EXEC, v:1, k:ed@multiset, mode:FULL, rate:50, size:155
2026-04-28 00:31:43, MOVE, v:1, k:ed@multiset, mode:EDIT
2026-04-28 00:37:11, EXEC, v:1, k:ed@multiset, mode:FULL, size:169, fail:COMP
2026-04-28 00:38:34, EXEC, v:1, k:ed@multiset, mode:FULL, rate:66, size:169
2026-04-28 00:38:29, MOVE, v:1, k:ed@multiset, mode:EDIT
2026-04-28 00:39:39, EXEC, v:1, k:ed@multiset, mode:FULL, size:173, fail:COMP
2026-04-28 00:40:09, EXEC, v:1, k:ed@multiset, mode:FULL, rate:66, size:173
2026-04-28 00:40:50, EXEC, v:1, k:ed@multiset, mode:FULL, rate:66, size:174
2026-04-28 00:40:47, MOVE, v:1, k:ed@multiset, mode:EDIT
2026-04-28 00:45:08, EXEC, v:1, k:ed@multiset, mode:FULL, rate:100, size:192
2026-04-28 00:45:13, MOVE, v:1, k:ed@multiset, mode:BACK
2026-04-28 00:45:38, MOVE, v:1, k:ed@multiset, mode:PICK
2026-04-28 00:45:44, MOVE, v:1, k:ed@multiset, mode:BACK
2026-04-28 00:47:24, SELF, v:1, k:ed@multiset, self:1, rate:100, concept:1, debug:1, refactor:1
2026-04-28 00:47:37, MOVE, v:1, k:ed@setbuild, mode:DOWN
2026-04-28 00:47:40, MOVE, v:1, k:ed@setbuild, mode:PICK
2026-04-28 00:47:37, MOVE, v:1, k:ed@setbuild, mode:EDIT
2026-04-28 00:47:37, MOVE, v:1, k:ed@setbuild, mode:EDIT
2026-04-28 00:47:37, MOVE, v:1, k:ed@setbuild, mode:EDIT
2026-04-28 00:47:37, MOVE, v:1, k:ed@setbuild, mode:EDIT
2026-04-28 00:55:53, EXEC, v:1, k:ed@setbuild, mode:FULL, size:71, fail:COMP
2026-04-28 00:55:50, MOVE, v:1, k:ed@setbuild, mode:EDIT
2026-04-28 00:57:45, EXEC, v:1, k:ed@setbuild, mode:FULL, size:71, fail:COMP
2026-04-28 00:59:52, EXEC, v:1, k:ed@setbuild, mode:FULL, rate:0, size:71
