2026-06-15 01:32:54, MOVE, v:1, k:ed@serial, mode:PICK
2026-06-15 01:57:57, MOVE, v:1, k:ed@serial, mode:BACK
2026-06-15 01:58:37, MOVE, v:1, k:ed@serial, mode:PICK
2026-06-15 01:58:39, EXEC, v:1, k:ed@serial, mode:FULL, size:82, fail:COMP
2026-06-15 01:59:11, EXEC, v:1, k:ed@serial, mode:FULL, rate:0, size:82
2026-06-15 02:00:52, EXEC, v:1, k:ed@serial, mode:FULL, rate:100, size:82
2026-06-15 02:02:54, MOVE, v:1, k:ed@serial, mode:BACK
2026-06-15 02:03:20, SELF, v:1, k:ed@serial, self:1, rate:100, concept:1
2026-06-15 02:08:27, MOVE, v:1, k:ed@formatada, mode:DOWN
2026-06-15 02:08:30, MOVE, v:1, k:ed@formatada, mode:PICK
2026-06-15 02:08:27, MOVE, v:1, k:ed@formatada, mode:EDIT
2026-06-15 02:08:27, MOVE, v:1, k:ed@formatada, mode:EDIT
2026-06-15 02:08:27, MOVE, v:1, k:ed@formatada, mode:EDIT
2026-06-15 02:08:27, MOVE, v:1, k:ed@formatada, mode:EDIT
2026-06-15 02:33:50, EXEC, v:1, k:ed@formatada, mode:FULL, size:107, fail:COMP
2026-06-15 02:34:35, EXEC, v:1, k:ed@formatada, mode:FULL, rate:14, size:107
2026-06-15 02:36:15, EXEC, v:1, k:ed@formatada, mode:FULL, rate:100, size:107
2026-06-15 02:36:16, MOVE, v:1, k:ed@formatada, mode:BACK
2026-06-15 02:37:40, SELF, v:1, k:ed@formatada, self:1, rate:100, concept:1, code:1
2026-06-15 15:37:25, MOVE, v:1, k:ed@inverter, mode:DOWN
2026-06-15 15:37:29, MOVE, v:1, k:ed@inverter, mode:PICK
2026-06-15 15:37:25, MOVE, v:1, k:ed@inverter, mode:EDIT
2026-06-15 15:37:25, MOVE, v:1, k:ed@inverter, mode:EDIT
2026-06-15 15:37:25, MOVE, v:1, k:ed@inverter, mode:EDIT
2026-06-15 15:37:25, MOVE, v:1, k:ed@inverter, mode:EDIT
2026-06-15 15:55:01, MOVE, v:1, k:ed@inverter, mode:EDIT
2026-06-15 16:00:27, EXEC, v:1, k:ed@inverter, mode:FULL, rate:100, size:81
2026-06-15 16:00:29, MOVE, v:1, k:ed@inverter, mode:BACK
2026-06-15 16:02:02, SELF, v:1, k:ed@inverter, self:1, rate:100, concept:1
2026-06-15 16:42:33, MOVE, v:1, k:ed@clonar, mode:DOWN
2026-06-15 16:42:44, MOVE, v:1, k:ed@clonar, mode:PICK
2026-06-15 16:42:33, MOVE, v:1, k:ed@clonar, mode:EDIT
2026-06-15 16:42:33, MOVE, v:1, k:ed@clonar, mode:EDIT
2026-06-15 16:42:33, MOVE, v:1, k:ed@clonar, mode:EDIT
2026-06-15 16:42:33, MOVE, v:1, k:ed@clonar, mode:EDIT
2026-06-15 17:02:46, MOVE, v:1, k:ed@clonar, mode:EDIT
2026-06-15 20:51:09, MOVE, v:1, k:ed@clonar, mode:PICK
2026-06-15 20:51:14, EXEC, v:1, k:ed@clonar, mode:FULL, rate:100, size:86
2026-06-15 20:51:26, MOVE, v:1, k:ed@clonar, mode:BACK
