2026-06-02 00:01:26, EXEC, v:1, k:ed@bufferring, mode:FULL, rate:33, size:180
2026-06-02 00:01:22, MOVE, v:1, k:ed@bufferring, mode:EDIT
2026-06-02 00:11:49, EXEC, v:1, k:ed@bufferring, mode:FULL, size:191, fail:COMP
2026-06-02 00:11:46, MOVE, v:1, k:ed@bufferring, mode:EDIT
2026-06-02 00:12:08, EXEC, v:1, k:ed@bufferring, mode:FULL, size:191, fail:COMP
2026-06-02 00:15:11, EXEC, v:1, k:ed@bufferring, mode:FULL, size:196, fail:COMP
2026-06-02 00:15:12, EXEC, v:1, k:ed@bufferring, mode:FULL, fail:COMP
2026-06-02 00:16:36, EXEC, v:1, k:ed@bufferring, mode:FULL, size:196, fail:COMP
2026-06-02 00:16:32, MOVE, v:1, k:ed@bufferring, mode:EDIT
2026-06-02 00:18:40, EXEC, v:1, k:ed@bufferring, mode:FULL, rate:83, size:200
2026-06-02 00:19:05, EXEC, v:1, k:ed@bufferring, mode:FULL, rate:83, size:200
2026-06-02 00:19:15, EXEC, v:1, k:ed@bufferring, mode:FULL, rate:83, size:200
2026-06-02 00:19:35, EXEC, v:1, k:ed@bufferring, mode:FULL, rate:100, size:200
2026-06-02 00:19:42, MOVE, v:1, k:ed@bufferring, mode:BACK
2026-06-02 00:20:27, SELF, v:1, k:ed@bufferring, self:1, rate:100, concept:1, problem:1, debug:1
2026-06-02 04:24:16, MOVE, v:1, k:ed@fila_enc, mode:DOWN
2026-06-02 04:24:19, MOVE, v:1, k:ed@fila_enc, mode:PICK
2026-06-02 04:24:16, MOVE, v:1, k:ed@fila_enc, mode:EDIT
2026-06-02 04:24:16, MOVE, v:1, k:ed@fila_enc, mode:EDIT
2026-06-02 04:24:16, MOVE, v:1, k:ed@fila_enc, mode:EDIT
2026-06-02 04:41:41, EXEC, v:1, k:ed@fila_enc, mode:FULL, size:128, fail:COMP
2026-06-02 04:42:16, EXEC, v:1, k:ed@fila_enc, mode:FULL, size:128, fail:COMP
2026-06-02 04:42:14, MOVE, v:1, k:ed@fila_enc, mode:EDIT
2026-06-02 04:46:02, EXEC, v:1, k:ed@fila_enc, mode:FULL, size:137, fail:COMP
2026-06-02 04:48:32, EXEC, v:1, k:ed@fila_enc, mode:FULL, size:143, fail:COMP
2026-06-02 04:48:29, MOVE, v:1, k:ed@fila_enc, mode:EDIT
