2026-05-12 00:07:20, EXEC, v:1, k:ed@editor, mode:FULL, size:57, fail:COMP
2026-05-12 00:07:35, EXEC, v:1, k:ed@editor, mode:FULL, size:57, fail:COMP
2026-05-12 00:07:49, EXEC, v:1, k:ed@editor, mode:FULL, size:57, fail:COMP
2026-05-12 00:08:17, EXEC, v:1, k:ed@editor, mode:FULL, size:57, fail:COMP
2026-05-12 00:08:41, EXEC, v:1, k:ed@editor, mode:FULL, size:57, fail:COMP
2026-05-12 00:08:57, EXEC, v:1, k:ed@editor, mode:FULL, rate:0, size:57
2026-05-12 00:08:53, MOVE, v:1, k:ed@editor, mode:EDIT
2026-05-12 00:11:23, EXEC, v:1, k:ed@editor, mode:FULL, rate:0, size:54
2026-05-12 00:12:32, MOVE, v:1, k:ed@editor, mode:PICK
2026-05-12 00:13:18, EXEC, v:1, k:ed@editor, mode:FULL, rate:100, size:54
2026-05-12 00:13:14, MOVE, v:1, k:ed@editor, mode:EDIT
2026-05-12 01:24:38, MOVE, v:1, k:ed@editor, mode:BACK
2026-05-12 19:34:21, MOVE, v:1, k:ed@editor, mode:PICK
2026-05-12 19:55:54, EXEC, v:1, k:ed@editor, mode:FULL, rate:100
2026-05-12 19:55:56, MOVE, v:1, k:ed@editor, mode:BACK
2026-05-12 19:58:28, MOVE, v:1, k:ed@lista_d4, mode:PICK
2026-05-12 20:08:12, EXEC, v:1, k:ed@lista_d4, mode:FULL, size:137, fail:COMP
2026-05-12 20:11:58, EXEC, v:1, k:ed@lista_d4, mode:FULL, rate:0, size:137
2026-05-12 20:11:53, MOVE, v:1, k:ed@lista_d4, mode:EDIT
2026-05-12 20:17:07, EXEC, v:1, k:ed@lista_d4, mode:FULL, rate:0, size:148
2026-05-12 20:16:53, MOVE, v:1, k:ed@lista_d4, mode:EDIT
2026-05-12 20:18:56, EXEC, v:1, k:ed@lista_d4, mode:FULL, rate:66, size:148
2026-05-12 20:18:51, MOVE, v:1, k:ed@lista_d4, mode:EDIT
2026-05-12 20:24:21, EXEC, v:1, k:ed@lista_d4, mode:FULL, rate:66, size:148
2026-05-12 20:27:08, EXEC, v:1, k:ed@lista_d4, mode:FULL, rate:100, size:148
2026-05-12 20:27:04, MOVE, v:1, k:ed@lista_d4, mode:EDIT
2026-05-12 20:31:13, EXEC, v:1, k:ed@lista_d4, mode:FULL, rate:100, size:154
2026-05-12 20:31:09, MOVE, v:1, k:ed@lista_d4, mode:EDIT
2026-05-12 20:33:18, MOVE, v:1, k:ed@lista_d4, mode:BACK
2026-05-12 20:33:48, MOVE, v:1, k:ed@prin_list1, mode:PICK
2026-05-12 20:33:53, MOVE, v:1, k:ed@prin_list1, mode:BACK
2026-05-12 20:35:32, MOVE, v:1, k:ed@prin_list1, mode:PICK
2026-05-12 20:57:46, EXEC, v:1, k:ed@prin_list1, mode:FULL, size:189, fail:COMP
2026-05-12 20:57:43, MOVE, v:1, k:ed@prin_list1, mode:EDIT
2026-05-12 21:11:08, EXEC, v:1, k:ed@prin_list1, mode:FULL, size:189, fail:COMP
2026-05-12 21:12:15, EXEC, v:1, k:ed@prin_list1, mode:LOCK, rate:0, size:189
2026-05-12 21:12:15, EXEC, v:1, k:ed@prin_list1, mode:LOCK, rate:0, size:189
2026-05-12 21:12:22, EXEC, v:1, k:ed@prin_list1, mode:LOCK, rate:0, size:189
2026-05-12 21:15:28, MOVE, v:1, k:ed@prin_list1, mode:EDIT
2026-05-12 21:12:11, MOVE, v:1, k:ed@prin_list1, mode:EDIT
2026-05-12 21:15:41, EXEC, v:1, k:ed@prin_list1, mode:LOCK, rate:0, size:189
2026-05-12 21:16:46, EXEC, v:1, k:ed@prin_list1, mode:LOCK, rate:0, size:188
2026-05-12 21:18:43, EXEC, v:1, k:ed@prin_list1, mode:LOCK, rate:0
2026-05-12 21:20:00, EXEC, v:1, k:ed@prin_list1, mode:LOCK, rate:0, size:188
2026-05-12 21:19:56, MOVE, v:1, k:ed@prin_list1, mode:EDIT
2026-05-12 21:27:34, EXEC, v:1, k:ed@prin_list1, mode:LOCK, rate:0
2026-05-12 21:27:34, MOVE, v:1, k:ed@prin_list1, mode:BACK
2026-05-12 21:28:28, MOVE, v:1, k:ed@prin_list1, mode:PICK
2026-05-12 21:28:32, EXEC, v:1, k:ed@prin_list1, mode:LOCK, rate:0
2026-05-12 21:28:35, MOVE, v:1, k:ed@prin_list1, mode:BACK
2026-05-12 21:29:14, MOVE, v:1, k:ed@prin_list1, mode:PICK
2026-05-12 21:29:16, EXEC, v:1, k:ed@prin_list1, mode:LOCK, rate:0
2026-05-12 21:30:49, MOVE, v:1, k:ed@prin_list1, mode:BACK
2026-05-12 21:32:29, MOVE, v:1, k:ed@prin_list1, mode:PICK
2026-05-12 21:32:31, EXEC, v:1, k:ed@prin_list1, mode:LOCK, rate:0
2026-05-12 21:32:33, MOVE, v:1, k:ed@prin_list1, mode:BACK
2026-05-12 21:32:34, MOVE, v:1, k:ed@prin_list1, mode:PICK
2026-05-12 21:32:35, EXEC, v:1, k:ed@prin_list1, mode:LOCK, rate:0
2026-05-12 21:32:37, MOVE, v:1, k:ed@prin_list1, mode:BACK
2026-05-12 21:33:04, MOVE, v:1, k:ed@prin_list1, mode:PICK
2026-05-12 21:33:09, EXEC, v:1, k:ed@prin_list1, mode:LOCK, rate:0
2026-05-12 21:37:36, MOVE, v:1, k:ed@prin_list1, mode:BACK
2026-05-12 23:31:17, MOVE, v:1, k:ed@prin_list1, mode:PICK
2026-05-12 23:31:20, EXEC, v:1, k:ed@prin_list1, mode:LOCK, rate:0
