2026-05-05 01:24:46, MOVE, v:1, k:ed@lista_d4, mode:DOWN
2026-05-05 01:24:50, MOVE, v:1, k:ed@lista_d4, mode:PICK
2026-05-05 01:24:46, MOVE, v:1, k:ed@lista_d4, mode:EDIT
2026-05-05 01:24:46, MOVE, v:1, k:ed@lista_d4, mode:EDIT
2026-05-05 01:24:46, MOVE, v:1, k:ed@lista_d4, mode:EDIT
2026-05-05 01:24:46, MOVE, v:1, k:ed@lista_d4, mode:EDIT
2026-05-05 01:45:28, MOVE, v:1, k:ed@lista_d4, mode:BACK
2026-05-05 01:45:45, MOVE, v:1, k:ed@prin_list1, mode:DOWN
2026-05-05 01:45:54, MOVE, v:1, k:ed@prin_list1, mode:PICK
2026-05-05 01:45:35, MOVE, v:1, k:ed@lista_d4, mode:EDIT
2026-05-05 01:45:45, MOVE, v:1, k:ed@prin_list1, mode:EDIT
2026-05-05 01:45:45, MOVE, v:1, k:ed@prin_list1, mode:EDIT
2026-05-05 01:45:45, MOVE, v:1, k:ed@prin_list1, mode:EDIT
2026-05-05 02:03:05, MOVE, v:1, k:ed@prin_list1, mode:EDIT
2026-05-05 10:28:29, MOVE, v:1, k:ed@editorint, mode:DOWN
2026-05-05 10:28:38, MOVE, v:1, k:ed@editorint, mode:PICK
2026-05-05 10:28:29, MOVE, v:1, k:ed@editorint, mode:EDIT
2026-05-05 10:28:29, MOVE, v:1, k:ed@editorint, mode:EDIT
2026-05-05 10:28:29, MOVE, v:1, k:ed@editorint, mode:EDIT
2026-05-05 10:28:29, MOVE, v:1, k:ed@editorint, mode:EDIT
2026-05-05 10:28:29, MOVE, v:1, k:ed@editorint, mode:EDIT
2026-05-05 10:32:53, MOVE, v:1, k:ed@editorint, mode:BACK
2026-05-05 16:00:17, EXEC, v:1, k:projects@ed-ter-bloco-a-Jeova-afk, mode:FREE, size:0
2026-05-05 16:02:54, EXEC, v:1, k:projects@ed-ter-bloco-a-Jeova-afk, mode:FREE
2026-05-05 16:04:25, EXEC, v:1, k:projects@ed-ter-bloco-a-Jeova-afk, mode:FREE, size:10
2026-05-05 16:06:22, EXEC, v:1, k:projects@ed-ter-bloco-a-Jeova-afk, mode:FREE
2026-05-05 16:19:34, EXEC, v:1, k:NONE@STANDALONE, mode:FREE
2026-05-05 16:25:19, EXEC, v:1, k:NONE@STANDALONE, mode:FREE
2026-05-05 16:25:49, EXEC, v:1, k:NONE@STANDALONE, mode:FREE
2026-05-05 16:28:20, EXEC, v:1, k:NONE@STANDALONE, mode:FREE
2026-05-05 16:34:42, EXEC, v:1, k:NONE@STANDALONE, mode:FREE
2026-05-05 16:47:14, EXEC, v:1, k:NONE@STANDALONE, mode:FREE
2026-05-05 16:51:59, EXEC, v:1, k:NONE@STANDALONE, mode:FREE
2026-05-05 19:35:31, EXEC, v:1, k:ed@editorint, mode:FREE
2026-05-05 21:57:20, MOVE, v:1, k:ed@editorint, mode:PICK
2026-05-05 22:00:54, MOVE, v:1, k:ed@editorint, mode:PICK
2026-05-05 22:01:18, MOVE, v:1, k:ed@editorint, mode:BACK
2026-05-05 22:21:32, MOVE, v:1, k:ed@editorint, mode:PICK
2026-05-05 22:21:50, EXEC, v:1, k:ed@editorint, mode:LOCK, rate:0, size:316
2026-05-05 22:22:03, MOVE, v:1, k:ed@editorint, mode:BACK
2026-05-05 22:22:05, MOVE, v:1, k:ed@editorint, mode:PICK
2026-05-05 22:51:44, MOVE, v:1, k:ed@editorint, mode:PICK
2026-05-05 23:14:57, MOVE, v:1, k:ed@editorint, mode:BACK
2026-05-05 23:21:20, MOVE, v:1, k:ed@editorint, mode:PICK
2026-05-05 23:21:26, EXEC, v:1, k:ed@editorint, mode:LOCK, rate:0, size:316
2026-05-05 23:21:51, EXEC, v:1, k:ed@editorint, mode:LOCK, rate:0
2026-05-05 23:21:58, EXEC, v:1, k:ed@editorint, mode:LOCK, rate:0
2026-05-05 23:21:59, EXEC, v:1, k:ed@editorint, mode:FREE
2026-05-05 23:22:16, EXEC, v:1, k:ed@editorint, mode:LOCK, rate:0
2026-05-05 23:23:05, MOVE, v:1, k:ed@editorint, mode:BACK
