2026-05-18 20:27:39, MOVE, v:1, k:ed@prin_list1, mode:PICK
2026-05-18 20:27:43, EXEC, v:1, k:ed@prin_list1, mode:LOCK, rate:0
2026-05-18 20:27:46, EXEC, v:1, k:ed@prin_list1, mode:LOCK, rate:0
2026-05-18 20:27:48, EXEC, v:1, k:ed@prin_list1, mode:LOCK, rate:0
2026-05-18 20:27:49, EXEC, v:1, k:ed@prin_list1, mode:LOCK, rate:0
2026-05-18 20:27:50, EXEC, v:1, k:ed@prin_list1, mode:LOCK, rate:0
2026-05-18 20:27:51, MOVE, v:1, k:ed@prin_list1, mode:BACK
2026-05-18 20:28:47, MOVE, v:1, k:ed@prin_list1, mode:PICK
2026-05-18 20:28:57, EXEC, v:1, k:ed@prin_list1, mode:LOCK, rate:0
2026-05-18 20:28:58, MOVE, v:1, k:ed@prin_list1, mode:BACK
2026-05-18 20:30:04, SELF, v:1, k:ed@editor, self:1, rate:100, concept:1, refactor:1
2026-05-18 20:30:29, SELF, v:1, k:ed@editorint, self:1, rate:100, concept:1, refactor:1
2026-05-18 20:30:56, SELF, v:1, k:ed@lista_d1, self:1, rate:100, concept:1, refactor:1
2026-05-18 20:31:21, SELF, v:1, k:ed@lista_d2, self:1, rate:100, concept:1
2026-05-18 20:31:29, SELF, v:1, k:ed@lista_d2, self:1, rate:100, concept:1, refactor:1
2026-05-18 20:31:59, MOVE, v:1, k:ed@lista_d4, mode:PICK
2026-05-18 20:32:00, MOVE, v:1, k:ed@lista_d4, mode:BACK
2026-05-18 20:32:19, SELF, v:1, k:ed@lista_d4, self:1, rate:100, concept:1, problem:1, refactor:1
2026-05-18 21:40:26, MOVE, v:1, k:ed@labirinto, mode:PICK
2026-05-18 21:40:29, EXEC, v:1, k:ed@labirinto, mode:FULL, fail:COMP
2026-05-18 22:08:27, MOVE, v:1, k:ed@labirinto, mode:EDIT
2026-05-18 22:19:42, EXEC, v:1, k:ed@labirinto, mode:FULL, size:85, fail:COMP
2026-05-18 22:20:27, EXEC, v:1, k:ed@labirinto, mode:FULL, size:85, fail:COMP
2026-05-18 22:21:00, EXEC, v:1, k:ed@labirinto, mode:FULL, size:85, fail:COMP
2026-05-18 22:24:00, EXEC, v:1, k:ed@labirinto, mode:FULL, rate:100, size:85
2026-05-18 22:23:57, MOVE, v:1, k:ed@labirinto, mode:EDIT
2026-05-18 22:24:15, MOVE, v:1, k:ed@labirinto, mode:BACK
2026-05-18 22:24:31, SELF, v:1, k:ed@labirinto, self:1, rate:100
2026-05-18 22:27:51, MOVE, v:1, k:ed@queimada, mode:PICK
2026-05-18 22:30:15, EXEC, v:1, k:ed@queimada, mode:FULL, rate:100
