2026-05-23 15:52:00, MOVE, v:1, k:ed@resto, mode:DOWN
2026-05-23 15:52:03, MOVE, v:1, k:ed@resto, mode:PICK
2026-05-23 15:52:00, MOVE, v:1, k:ed@resto, mode:EDIT
2026-05-23 15:52:00, MOVE, v:1, k:ed@resto, mode:EDIT
2026-05-23 15:52:00, MOVE, v:1, k:ed@resto, mode:EDIT
2026-05-23 16:02:01, EXEC, v:1, k:ed@resto, mode:FULL, rate:0, size:5
2026-05-23 16:05:16, EXEC, v:1, k:ed@resto, mode:FULL, rate:0, size:20
2026-05-23 16:05:52, EXEC, v:1, k:ed@resto, mode:FULL, size:22, fail:COMP
2026-05-23 16:06:09, EXEC, v:1, k:ed@resto, mode:FULL, rate:100, size:22
2026-05-23 16:06:13, MOVE, v:1, k:ed@resto, mode:BACK
2026-05-23 16:06:24, SELF, v:1, k:ed@resto, self:1, rate:100
2026-05-23 16:06:07, MOVE, v:1, k:ed@resto, mode:EDIT
2026-05-23 16:11:17, MOVE, v:1, k:ed@mdc, mode:DOWN
2026-05-23 16:11:49, MOVE, v:1, k:ed@mdc, mode:PICK
2026-05-23 16:11:17, MOVE, v:1, k:ed@mdc, mode:EDIT
2026-05-23 16:11:17, MOVE, v:1, k:ed@mdc, mode:EDIT
2026-05-23 16:11:17, MOVE, v:1, k:ed@mdc, mode:EDIT
2026-05-23 17:16:13, EXEC, v:1, k:ed@mdc, mode:FULL, rate:100, size:19
2026-05-23 17:16:15, MOVE, v:1, k:ed@mdc, mode:BACK
2026-05-23 17:16:24, SELF, v:1, k:ed@mdc, self:1, rate:100
