2026-05-21 00:56:13, MOVE, v:1, k:ed@cercado, mode:BACK
2026-05-21 00:56:43, MOVE, v:1, k:ed@cercado, mode:PICK
2026-05-21 00:56:46, EXEC, v:1, k:ed@cercado, mode:FULL, rate:100
2026-05-21 20:47:26, MOVE, v:1, k:ed@treinando, mode:PICK
2026-05-21 22:32:44, EXEC, v:1, k:ed@treinando, mode:FULL, size:96, fail:COMP
2026-05-21 22:32:36, MOVE, v:1, k:ed@treinando, mode:EDIT
2026-05-21 22:50:32, EXEC, v:1, k:ed@treinando, mode:FULL, size:113, fail:COMP
2026-05-21 22:52:06, EXEC, v:1, k:ed@treinando, mode:FULL, rate:50, size:113
2026-05-21 22:52:01, MOVE, v:1, k:ed@treinando, mode:EDIT
2026-05-21 22:55:23, EXEC, v:1, k:ed@treinando, mode:FULL, rate:66, size:117
2026-05-21 22:59:41, EXEC, v:1, k:ed@treinando, mode:FULL, rate:83, size:123
2026-05-21 22:59:35, MOVE, v:1, k:ed@treinando, mode:EDIT
2026-05-21 23:06:17, EXEC, v:1, k:ed@treinando, mode:FULL, rate:100, size:147
2026-05-21 23:06:20, MOVE, v:1, k:ed@treinando, mode:BACK
2026-05-21 23:07:10, SELF, v:1, k:ed@eh_primo, self:1, rate:100, concept:1, refactor:1
2026-05-21 23:07:27, SELF, v:1, k:ed@triangulo, self:1, rate:100
2026-05-21 23:07:36, SELF, v:1, k:ed@triangulo, self:1, rate:100, concept:1
2026-05-21 23:07:41, SELF, v:1, k:ed@treinando, self:1, rate:100
2026-05-21 23:08:52, MOVE, v:1, k:ed@vetequals, mode:DOWN
2026-05-21 23:09:22, MOVE, v:1, k:ed@vetequals, mode:PICK
2026-05-21 23:08:52, MOVE, v:1, k:ed@vetequals, mode:EDIT
2026-05-21 23:08:52, MOVE, v:1, k:ed@vetequals, mode:EDIT
2026-05-21 23:08:52, MOVE, v:1, k:ed@vetequals, mode:EDIT
2026-05-21 23:33:42, EXEC, v:1, k:ed@vetequals, mode:FULL, size:60, fail:COMP
2026-05-21 23:33:53, EXEC, v:1, k:ed@vetequals, mode:FULL, rate:100, size:60
2026-05-21 23:33:55, MOVE, v:1, k:ed@vetequals, mode:BACK
2026-05-21 23:34:05, SELF, v:1, k:ed@vetequals, self:1, rate:100
