2026-03-16 14:07:12, MOVE, v:1, k:ed@pedra, mode:PICK
2026-03-16 14:10:11, MOVE, v:1, k:ed@pedra, mode:PICK
2026-03-16 14:10:46, EXEC, v:1, k:ed@pedra, mode:FULL, size:33, fail:COMP
2026-03-16 14:11:36, EXEC, v:1, k:ed@pedra, mode:FULL, rate:100, size:33
2026-03-16 14:12:58, MOVE, v:1, k:ed@pedra, mode:BACK
2026-03-16 14:42:10, MOVE, v:1, k:ed@pintando, mode:PICK
2026-03-16 21:52:14, MOVE, v:1, k:ed@pintando, mode:PICK
2026-03-16 21:56:51, EXEC, v:1, k:ed@pintando, mode:FULL, rate:100, size:16
2026-03-16 21:58:00, MOVE, v:1, k:ed@pintando, mode:BACK
2026-03-16 22:03:39, MOVE, v:1, k:ed@baruel, mode:DOWN
2026-03-16 22:03:44, MOVE, v:1, k:ed@baruel, mode:PICK
2026-03-16 22:49:56, EXEC, v:1, k:ed@baruel, mode:FULL, size:65, fail:COMP
2026-03-16 22:50:16, EXEC, v:1, k:ed@baruel, mode:FULL, size:65, fail:COMP
2026-03-16 22:52:56, EXEC, v:1, k:ed@baruel, mode:FULL, rate:0, size:65
2026-03-16 22:53:57, EXEC, v:1, k:ed@baruel, mode:FULL, rate:25, size:66
2026-03-16 23:06:58, EXEC, v:1, k:ed@baruel, mode:FULL, rate:25, size:66
2026-03-16 23:14:30, EXEC, v:1, k:ed@baruel, mode:FULL, rate:50, size:66
2026-03-16 23:37:19, EXEC, v:1, k:ed@baruel, mode:FULL, rate:100, size:62
2026-03-16 23:37:44, MOVE, v:1, k:ed@baruel, mode:BACK
2026-03-16 23:50:15, MOVE, v:1, k:ed@gomos, mode:DOWN
2026-03-16 23:50:18, MOVE, v:1, k:ed@gomos, mode:PICK
